<?xml version="1.0" encoding="UTF-8"?>
<!-- Generated by org.testng.reporters.JUnitReportReporter -->
<testsuite hostname="DESKTOP-3P6J3F2" failures="0" tests="4" name="testng.parameters.DataProviderWithExcelSheet" time="43.685" errors="0" timestamp="2024-12-06T23:00:14 IST" skipped="0">
  <testcase classname="testng.parameters.DataProviderWithExcelSheet" name="Verifysrch" time="11.888"/>
  <testcase classname="testng.parameters.DataProviderWithExcelSheet" name="Verifysrch" time="9.403"/>
  <testcase classname="testng.parameters.DataProviderWithExcelSheet" name="Verifysrch" time="12.871"/>
  <testcase classname="testng.parameters.DataProviderWithExcelSheet" name="Verifysrch" time="9.523"/>
</testsuite> <!-- testng.parameters.DataProviderWithExcelSheet -->
